[INFO] Error stacktraces are turned on.
[INFO] Scanning for projects...
[ERROR] [ERROR] Some problems were encountered while processing the POMs:
[ERROR] 'dependencies.dependency.version' for org.springframework.boot:spring-boot-starter-webmvc:jar is missing. @ line 45, column 15
[ERROR] 'dependencies.dependency.version' for org.springframework.boot:spring-boot-starter-data-jpa-test:jar is missing. @ line 61, column 15
[ERROR] 'dependencies.dependency.version' for org.springframework.boot:spring-boot-starter-security-test:jar is missing. @ line 66, column 15
[ERROR] 'dependencies.dependency.version' for org.springframework.boot:spring-boot-starter-validation-test:jar is missing. @ line 71, column 15
[ERROR] 'dependencies.dependency.version' for org.springframework.boot:spring-boot-starter-webmvc-test:jar is missing. @ line 76, column 15
 @ 
[ERROR] The build could not read 1 project -> [Help 1]
org.apache.maven.project.ProjectBuildingException: Some problems were encountered while processing the POMs:
[ERROR] 'dependencies.dependency.version' for org.springframework.boot:spring-boot-starter-webmvc:jar is missing. @ line 45, column 15
[ERROR] 'dependencies.dependency.version' for org.springframework.boot:spring-boot-starter-data-jpa-test:jar is missing. @ line 61, column 15
[ERROR] 'dependencies.dependency.version' for org.springframework.boot:spring-boot-starter-security-test:jar is missing. @ line 66, column 15
[ERROR] 'dependencies.dependency.version' for org.springframework.boot:spring-boot-starter-validation-test:jar is missing. @ line 71, column 15
[ERROR] 'dependencies.dependency.version' for org.springframework.boot:spring-boot-starter-webmvc-test:jar is missing. @ line 76, column 15

    at org.apache.maven.project.DefaultProjectBuilder.build (DefaultProjectBuilder.java:389)
    at org.apache.maven.graph.DefaultGraphBuilder.collectProjects (DefaultGraphBuilder.java:351)
    at org.apache.maven.graph.DefaultGraphBuilder.getProjectsForMavenReactor (DefaultGraphBuilder.java:342)
    at org.apache.maven.graph.DefaultGraphBuilder.build (DefaultGraphBuilder.java:76)
    at org.apache.maven.DefaultMaven.buildGraph (DefaultMaven.java:448)
    at org.apache.maven.DefaultMaven.doExecute (DefaultMaven.java:197)
    at org.apache.maven.DefaultMaven.doExecute (DefaultMaven.java:173)
    at org.apache.maven.DefaultMaven.execute (DefaultMaven.java:101)
    at org.apache.maven.cli.MavenCli.execute (MavenCli.java:919)
    at org.apache.maven.cli.MavenCli.doMain (MavenCli.java:285)
    at org.apache.maven.cli.MavenCli.main (MavenCli.java:207)
    at sun.reflect.NativeMethodAccessorImpl.invoke0 (Native Method)
    at sun.reflect.NativeMethodAccessorImpl.invoke (Unknown Source)
    at sun.reflect.DelegatingMethodAccessorImpl.invoke (Unknown Source)
    at java.lang.reflect.Method.invoke (Unknown Source)
    at org.codehaus.plexus.classworlds.launcher.Launcher.launchEnhanced (Launcher.java:255)
    at org.codehaus.plexus.classworlds.launcher.Launcher.launch (Launcher.java:201)
    at org.codehaus.plexus.classworlds.launcher.Launcher.mainWithExitCode (Launcher.java:361)
    at org.codehaus.plexus.classworlds.launcher.Launcher.main (Launcher.java:314)
[ERROR]   
[ERROR]   The project com.app:job-portal:0.0.1-SNAPSHOT (C:\Users\bobac\OneDrive\Desktop\job portal\job-portal\job-portal-spring-boot\pom.xml) has 5 errors
[ERROR]     'dependencies.dependency.version' for org.springframework.boot:spring-boot-starter-webmvc:jar is missing. @ line 45, column 15
[ERROR]     'dependencies.dependency.version' for org.springframework.boot:spring-boot-starter-data-jpa-test:jar is missing. @ line 61, column 15
[ERROR]     'dependencies.dependency.version' for org.springframework.boot:spring-boot-starter-security-test:jar is missing. @ line 66, column 15
[ERROR]     'dependencies.dependency.version' for org.springframework.boot:spring-boot-starter-validation-test:jar is missing. @ line 71, column 15
[ERROR]     'dependencies.dependency.version' for org.springframework.boot:spring-boot-starter-webmvc-test:jar is missing. @ line 76, column 15
[ERROR] 
[ERROR] Re-run Maven using the -X switch to enable full debug logging.
[ERROR] 
[ERROR] For more information about the errors and possible solutions, please read the following articles:
[ERROR] [Help 1] http://cwiki.apache.org/confluence/display/MAVEN/ProjectBuildingException
